2017-12-17 17:46:41,105 __main__ 29 [INFO][<module>] start 
2017-12-17 17:46:41,106 __main__ 89 [INFO][<module>] start 
2017-12-17 17:57:43,815 __main__ 29 [INFO][<module>] start 
2017-12-17 17:57:43,815 __main__ 89 [INFO][<module>] start 
2017-12-17 18:07:53,372 __main__ 206 [INFO][<module>] Submit Result 
2017-12-17 18:08:26,943 __main__ 228 [INFO][<module>] end 
2017-12-17 20:19:21,709 __main__ 29 [INFO][<module>] start 
2017-12-17 20:19:21,710 __main__ 89 [INFO][<module>] start 
2017-12-17 20:28:16,839 __main__ 207 [INFO][<module>] Submit Result 
2017-12-17 20:28:50,869 __main__ 229 [INFO][<module>] end 
2017-12-17 22:02:53,024 __main__ 29 [INFO][<module>] start 
2017-12-17 22:02:53,024 __main__ 89 [INFO][<module>] start 
2017-12-17 22:13:33,533 __main__ 207 [INFO][<module>] Submit Result 
2017-12-17 22:14:13,560 __main__ 230 [INFO][<module>] end 
2017-12-17 22:51:44,434 __main__ 29 [INFO][<module>] start 
2017-12-17 22:51:44,435 __main__ 89 [INFO][<module>] start 
2017-12-17 22:51:44,985 __main__ 210 [INFO][<module>] Submit Result 
2017-12-17 22:51:45,014 __main__ 233 [INFO][<module>] end 
2017-12-17 22:52:11,588 __main__ 29 [INFO][<module>] start 
2017-12-17 22:52:11,588 __main__ 89 [INFO][<module>] start 
2017-12-17 22:59:58,939 __main__ 29 [INFO][<module>] start 
2017-12-17 22:59:58,940 __main__ 89 [INFO][<module>] start 
2017-12-17 23:07:46,024 __main__ 29 [INFO][<module>] start 
2017-12-17 23:07:46,025 __main__ 89 [INFO][<module>] start 
2017-12-18 18:36:03,569 __main__ 29 [INFO][<module>] start 
2017-12-18 18:36:03,570 __main__ 89 [INFO][<module>] start 
2017-12-18 18:36:14,228 __main__ 211 [INFO][<module>] Submit Result 
2017-12-18 18:36:14,274 __main__ 234 [INFO][<module>] end 
2017-12-18 18:37:27,396 __main__ 29 [INFO][<module>] start 
2017-12-18 18:37:27,396 __main__ 89 [INFO][<module>] start 
2017-12-18 18:39:27,547 __main__ 29 [INFO][<module>] start 
2017-12-18 18:39:27,547 __main__ 89 [INFO][<module>] start 
2017-12-18 18:39:55,686 __main__ 29 [INFO][<module>] start 
2017-12-18 18:39:55,686 __main__ 89 [INFO][<module>] start 
2017-12-18 18:40:06,507 __main__ 214 [INFO][<module>] Submit Result 
2017-12-18 18:40:06,543 __main__ 237 [INFO][<module>] end 
2017-12-18 18:40:53,578 __main__ 29 [INFO][<module>] start 
2017-12-18 18:40:53,578 __main__ 89 [INFO][<module>] start 
2017-12-18 18:41:04,307 __main__ 218 [INFO][<module>] Submit Result 
2017-12-18 18:41:04,347 __main__ 241 [INFO][<module>] end 
2017-12-18 18:41:21,235 __main__ 29 [INFO][<module>] start 
2017-12-18 18:41:21,235 __main__ 89 [INFO][<module>] start 
2017-12-18 18:54:22,634 __main__ 218 [INFO][<module>] Submit Result 
2017-12-18 18:54:36,087 __main__ 241 [INFO][<module>] end 
2017-12-18 19:21:29,748 __main__ 29 [INFO][<module>] start 
2017-12-18 19:21:29,750 __main__ 89 [INFO][<module>] start 
2017-12-18 19:30:12,777 __main__ 29 [INFO][<module>] start 
2017-12-18 19:30:12,783 __main__ 89 [INFO][<module>] start 
2017-12-18 19:41:34,839 __main__ 29 [INFO][<module>] start 
2017-12-18 19:41:34,839 __main__ 89 [INFO][<module>] start 
2017-12-18 19:41:35,712 __main__ 222 [INFO][<module>] Submit Result 
2017-12-18 19:41:35,740 __main__ 243 [INFO][<module>] end 
2017-12-18 19:42:03,929 __main__ 29 [INFO][<module>] start 
2017-12-18 19:42:03,929 __main__ 89 [INFO][<module>] start 
2017-12-18 19:46:01,000 __main__ 29 [INFO][<module>] start 
2017-12-18 19:46:01,003 __main__ 89 [INFO][<module>] start 
2017-12-18 19:50:58,783 __main__ 29 [INFO][<module>] start 
2017-12-18 19:50:58,784 __main__ 89 [INFO][<module>] start 
2017-12-18 19:59:38,242 __main__ 223 [INFO][<module>] Submit Result 
2017-12-18 19:59:49,765 __main__ 244 [INFO][<module>] end 
2017-12-22 17:42:22,383 __main__ 34 [INFO][<module>] start 
2017-12-22 18:42:32,454 __main__ 34 [INFO][<module>] start 
2017-12-22 18:44:22,172 __main__ 35 [INFO][<module>] start 
2017-12-22 18:45:02,885 __main__ 37 [INFO][<module>] start 
2017-12-22 18:47:10,639 __main__ 37 [INFO][<module>] start 
2017-12-22 19:15:29,988 __main__ 37 [INFO][<module>] start 
2017-12-22 19:17:50,043 __main__ 37 [INFO][<module>] start 
2017-12-22 19:17:57,558 __main__ 180 [INFO][<module>] Preparing datasetn... 
2017-12-22 19:17:58,182 __main__ 198 [INFO][<module>] Training and predicting models... 
2017-12-22 19:18:06,408 __main__ 248 [INFO][<module>] validate accuracy ... 
2017-12-22 19:18:07,138 __main__ 279 [INFO][<module>] Making submission... 
2017-12-22 19:19:15,432 __main__ 37 [INFO][<module>] start 
2017-12-22 19:22:29,725 __main__ 37 [INFO][<module>] start 
2017-12-22 19:22:43,861 __main__ 37 [INFO][<module>] start 
2017-12-22 19:23:39,149 __main__ 37 [INFO][<module>] start 
2017-12-22 19:24:44,441 __main__ 37 [INFO][<module>] start 
2017-12-22 19:25:05,614 __main__ 37 [INFO][<module>] start 
2017-12-22 19:29:03,410 __main__ 183 [INFO][<module>] Preparing datasetn... 
2017-12-22 19:29:11,628 __main__ 201 [INFO][<module>] Training and predicting models... 
2017-12-22 19:43:58,991 __main__ 251 [INFO][<module>] validate accuracy ... 
2017-12-22 20:21:51,837 __main__ 37 [INFO][<module>] start 
2017-12-22 20:21:59,707 __main__ 183 [INFO][<module>] Preparing datasetn... 
2017-12-22 20:22:00,147 __main__ 201 [INFO][<module>] Training and predicting models... 
2017-12-22 20:22:07,852 __main__ 252 [INFO][<module>] validate accuracy ... 
2017-12-22 20:22:08,545 __main__ 280 [INFO][<module>] Making submission... 
2017-12-22 20:24:30,251 __main__ 37 [INFO][<module>] start 
2017-12-22 20:28:15,654 __main__ 183 [INFO][<module>] Preparing datasetn... 
2017-12-22 20:28:22,155 __main__ 201 [INFO][<module>] Training and predicting models... 
2017-12-22 20:38:18,707 __main__ 252 [INFO][<module>] validate accuracy ... 
2017-12-22 21:06:13,344 __main__ 37 [INFO][<module>] start 
2017-12-22 21:06:19,658 __main__ 183 [INFO][<module>] Preparing datasetn... 
2017-12-22 21:06:20,079 __main__ 201 [INFO][<module>] Training and predicting models... 
2017-12-22 21:06:26,373 __main__ 252 [INFO][<module>] validate accuracy ... 
2017-12-22 21:06:26,414 __main__ 281 [INFO][<module>] Making submission... 
2017-12-22 21:06:40,066 __main__ 37 [INFO][<module>] start 
2017-12-22 21:09:38,116 __main__ 37 [INFO][<module>] start 
2017-12-22 21:09:44,307 __main__ 183 [INFO][<module>] Preparing datasetn... 
2017-12-22 21:09:44,735 __main__ 201 [INFO][<module>] Training and predicting models... 
2017-12-22 21:09:51,618 __main__ 252 [INFO][<module>] validate accuracy ... 
2017-12-22 21:09:51,663 __main__ 281 [INFO][<module>] Making submission... 
2017-12-22 21:11:45,494 __main__ 37 [INFO][<module>] start 
2017-12-22 21:15:01,419 __main__ 183 [INFO][<module>] Preparing datasetn... 
2017-12-22 21:15:07,966 __main__ 201 [INFO][<module>] Training and predicting models... 
2017-12-22 21:24:59,420 __main__ 252 [INFO][<module>] validate accuracy ... 
2017-12-22 21:33:41,043 __main__ 37 [INFO][<module>] start 
2017-12-22 21:33:47,487 __main__ 183 [INFO][<module>] Preparing datasetn... 
2017-12-22 21:33:47,924 __main__ 201 [INFO][<module>] Training and predicting models... 
2017-12-22 21:33:53,955 __main__ 252 [INFO][<module>] validate accuracy ... 
2017-12-22 21:55:42,039 __main__ 37 [INFO][<module>] start 
2017-12-22 21:55:48,415 __main__ 183 [INFO][<module>] Preparing datasetn... 
2017-12-22 21:55:48,863 __main__ 201 [INFO][<module>] Training and predicting models... 
2017-12-22 21:55:55,155 __main__ 252 [INFO][<module>] validate accuracy ... 
2017-12-22 22:00:07,344 __main__ 37 [INFO][<module>] start 
2017-12-22 22:00:18,610 __main__ 183 [INFO][<module>] Preparing datasetn... 
2017-12-22 22:00:19,122 __main__ 201 [INFO][<module>] Training and predicting models... 
2017-12-22 22:00:26,012 __main__ 252 [INFO][<module>] validate accuracy ... 
2017-12-22 22:01:32,328 __main__ 37 [INFO][<module>] start 
2017-12-22 22:01:39,200 __main__ 183 [INFO][<module>] Preparing datasetn... 
2017-12-22 22:01:39,653 __main__ 201 [INFO][<module>] Training and predicting models... 
2017-12-22 22:01:45,909 __main__ 252 [INFO][<module>] validate accuracy ... 
2017-12-22 22:02:10,389 __main__ 37 [INFO][<module>] start 
2017-12-22 22:02:16,668 __main__ 183 [INFO][<module>] Preparing datasetn... 
2017-12-22 22:02:17,114 __main__ 201 [INFO][<module>] Training and predicting models... 
2017-12-22 22:02:23,317 __main__ 252 [INFO][<module>] validate accuracy ... 
2017-12-22 22:06:18,285 __main__ 37 [INFO][<module>] start 
2017-12-22 22:06:24,697 __main__ 183 [INFO][<module>] Preparing datasetn... 
2017-12-22 22:06:25,144 __main__ 201 [INFO][<module>] Training and predicting models... 
2017-12-22 22:06:31,311 __main__ 252 [INFO][<module>] validate accuracy ... 
2017-12-22 22:06:31,345 __main__ 283 [INFO][<module>] Making submission... 
2017-12-22 22:06:41,061 __main__ 37 [INFO][<module>] start 
2017-12-22 22:09:58,153 __main__ 183 [INFO][<module>] Preparing datasetn... 
2017-12-22 22:10:05,065 __main__ 201 [INFO][<module>] Training and predicting models... 
2017-12-22 22:19:38,762 __main__ 252 [INFO][<module>] validate accuracy ... 
2017-12-22 22:19:39,870 __main__ 283 [INFO][<module>] Making submission... 
